0 info it worked if it ends with ok
1 verbose cli [ '/usr/local/bin/node',
1 verbose cli   '/usr/local/bin/npm',
1 verbose cli   'run',
1 verbose cli   'coveralls' ]
2 info using npm@3.10.10
3 info using node@v6.10.3
4 verbose run-script [ 'precoveralls', 'coveralls', 'postcoveralls' ]
5 info lifecycle cardsforhumanity@1.0.0~precoveralls: cardsforhumanity@1.0.0
6 silly lifecycle cardsforhumanity@1.0.0~precoveralls: no script for precoveralls, continuing
7 info lifecycle cardsforhumanity@1.0.0~coveralls: cardsforhumanity@1.0.0
8 verbose lifecycle cardsforhumanity@1.0.0~coveralls: unsafe-perm in lifecycle true
9 verbose lifecycle cardsforhumanity@1.0.0~coveralls: PATH: /usr/local/lib/node_modules/npm/bin/node-gyp-bin:/Users/andeladeveloper/Documents/boromir-cfh/node_modules/.bin:/usr/local/bin:/usr/local/bin:/usr/bin:/bin:/usr/sbin:/sbin
10 verbose lifecycle cardsforhumanity@1.0.0~coveralls: CWD: /Users/andeladeveloper/Documents/boromir-cfh
11 silly lifecycle cardsforhumanity@1.0.0~coveralls: Args: [ '-c',
11 silly lifecycle   'npm run cover -- test/**/ --report lcovonly && cat ./coverage/lcov.info | coveralls' ]
12 silly lifecycle cardsforhumanity@1.0.0~coveralls: Returned: code: 1  signal: null
13 info lifecycle cardsforhumanity@1.0.0~coveralls: Failed to exec coveralls script
14 verbose stack Error: cardsforhumanity@1.0.0 coveralls: `npm run cover -- test/**/ --report lcovonly && cat ./coverage/lcov.info | coveralls`
14 verbose stack Exit status 1
14 verbose stack     at EventEmitter.<anonymous> (/usr/local/lib/node_modules/npm/lib/utils/lifecycle.js:255:16)
14 verbose stack     at emitTwo (events.js:106:13)
14 verbose stack     at EventEmitter.emit (events.js:191:7)
14 verbose stack     at ChildProcess.<anonymous> (/usr/local/lib/node_modules/npm/lib/utils/spawn.js:40:14)
14 verbose stack     at emitTwo (events.js:106:13)
14 verbose stack     at ChildProcess.emit (events.js:191:7)
14 verbose stack     at maybeClose (internal/child_process.js:886:16)
14 verbose stack     at Process.ChildProcess._handle.onexit (internal/child_process.js:226:5)
15 verbose pkgid cardsforhumanity@1.0.0
16 verbose cwd /Users/andeladeveloper/Documents/boromir-cfh
17 error Darwin 16.6.0
18 error argv "/usr/local/bin/node" "/usr/local/bin/npm" "run" "coveralls"
19 error node v6.10.3
20 error npm  v3.10.10
21 error code ELIFECYCLE
22 error cardsforhumanity@1.0.0 coveralls: `npm run cover -- test/**/ --report lcovonly && cat ./coverage/lcov.info | coveralls`
22 error Exit status 1
23 error Failed at the cardsforhumanity@1.0.0 coveralls script 'npm run cover -- test/**/ --report lcovonly && cat ./coverage/lcov.info | coveralls'.
23 error Make sure you have the latest version of node.js and npm installed.
23 error If you do, this is most likely a problem with the cardsforhumanity package,
23 error not with npm itself.
23 error Tell the author that this fails on your system:
23 error     npm run cover -- test/**/ --report lcovonly && cat ./coverage/lcov.info | coveralls
23 error You can get information on how to open an issue for this project with:
23 error     npm bugs cardsforhumanity
23 error Or if that isn't available, you can get their info via:
23 error     npm owner ls cardsforhumanity
23 error There is likely additional logging output above.
24 verbose exit [ 1, true ]
